<?xml version="1.0" encoding="UTF-8"?>
<testng-results ignored="0" total="1" passed="1" failed="0" skipped="0">
  <reporter-output>
  </reporter-output>
  <suite started-at="2022-02-09T16:23:46 IST" name="Default suite" finished-at="2022-02-09T16:23:49 IST" duration-ms="3802">
    <groups>
    </groups>
    <test started-at="2022-02-09T16:23:46 IST" name="Default test" finished-at="2022-02-09T16:23:49 IST" duration-ms="3802">
      <class name="TC003_GET_Method">
        <test-method signature="getmethodtest()[pri:0, instance:TC003_GET_Method@306f16f3]" started-at="2022-02-09T16:23:46 IST" name="getmethodtest" finished-at="2022-02-09T16:23:49 IST" duration-ms="3769" status="PASS">
          <reporter-output>
          </reporter-output>
        </test-method> <!-- getmethodtest -->
      </class> <!-- TC003_GET_Method -->
    </test> <!-- Default test -->
  </suite> <!-- Default suite -->
</testng-results>
